<?xml version="1.0" encoding="UTF-8"?>
<!-- Generated by org.testng.reporters.JUnitReportReporter -->
<testsuite hostname="LAPTOP-95NO9S2C" failures="0" tests="1" name="kdf.Application" time="22.315" errors="0" timestamp="2021-04-10T22:32:12 IST" skipped="0">
  <testcase classname="kdf.Application" name="verifyInvalidLogin" time="22.315"/>
  <system-out/>
</testsuite> <!-- kdf.Application -->
